<?xml version="1.0" encoding="UTF-8"?>
<!-- Generated by org.testng.reporters.JUnitXMLReporter -->
<testsuite hostname="vardhan-PC" name="Test" tests="18" failures="0" timestamp="24 Oct 2018 14:10:24 GMT" time="147.819" errors="0">
  <testcase name="LaunchBrowser" time="5.584" classname="com.amazon.scenarios.A_LaunchMakeMyTripApp"/>
  <testcase name="LaunchUrl" time="7.06" classname="com.amazon.scenarios.A_LaunchMakeMyTripApp"/>
  <testcase name="QuitBrowser" time="2.157" classname="com.amazon.scenarios.A_LaunchMakeMyTripApp"/>
  <testcase name="LaunchBrowser" time="26.413" classname="com.amazon.scenarios.B_DataDrivenInvalidLogInCreds"/>
  <testcase name="LaunchBrowser" time="31.991" classname="com.amazon.scenarios.B_DataDrivenInvalidLogInCreds"/>
  <testcase name="LaunchBrowser" time="21.697" classname="com.amazon.scenarios.B_DataDrivenInvalidLogInCreds"/>
  <testcase name="LaunchBrowser" time="2.611" classname="com.amazon.scenarios.C_ValidateMouseHoverAction"/>
  <testcase name="LaunchUrl" time="7.323" classname="com.amazon.scenarios.C_ValidateMouseHoverAction"/>
  <testcase name="MouseHover" time="5.567" classname="com.amazon.scenarios.C_ValidateMouseHoverAction"/>
  <testcase name="QuitBrowser" time="0.802" classname="com.amazon.scenarios.C_ValidateMouseHoverAction"/>
  <testcase name="LaunchBrowser" time="2.64" classname="com.amazon.scenarios.D_ValidateDropDown"/>
  <testcase name="LaunchUrl" time="7.037" classname="com.amazon.scenarios.D_ValidateDropDown"/>
  <testcase name="DropDown" time="4.197" classname="com.amazon.scenarios.D_ValidateDropDown"/>
  <testcase name="QuitBrowser" time="0.752" classname="com.amazon.scenarios.D_ValidateDropDown"/>
  <testcase name="LaunchBrowser" time="2.629" classname="com.amazon.scenarios.E_validateLogInwithValidCreds"/>
  <testcase name="LaunchUrl" time="7.224" classname="com.amazon.scenarios.E_validateLogInwithValidCreds"/>
  <testcase name="LogIn" time="11.154" classname="com.amazon.scenarios.E_validateLogInwithValidCreds"/>
  <testcase name="quit" time="0.851" classname="com.amazon.scenarios.E_validateLogInwithValidCreds"/>
</testsuite> <!-- Test -->
