<?xml version="1.0" encoding="UTF-8"?>
<!-- Generated by org.testng.reporters.JUnitXMLReporter -->
<testsuite hostname="vardhan-PC" name="Test(failed)(failed)(failed)" tests="3" failures="2" timestamp="24 Oct 2018 06:41:37 GMT" time="0.079" errors="0">
  <testcase name="LaunchUrl" time="0.047" classname="com.makemytrip.scenarios.D_ValidateSearchFlights">
    <failure type="java.lang.NullPointerException">
      <![CDATA[java.lang.NullPointerException
	at com.makemytrip.actions.BaseActionsClass.LaunchUrl(BaseActionsClass.java:58)
	at com.makemytrip.scenarios.D_ValidateSearchFlights.LaunchUrl(D_ValidateSearchFlights.java:26)
... Removed 24 stack frames]]>
    </failure>
  </testcase> <!-- LaunchUrl -->
  <testcase name="SearchFlights" time="0.016" classname="com.makemytrip.scenarios.D_ValidateSearchFlights">
    <failure type="java.lang.NullPointerException">
      <![CDATA[java.lang.NullPointerException
	at com.makemytrip.actions.SearchFlights.SearchFlights(SearchFlights.java:21)
	at com.makemytrip.scenarios.D_ValidateSearchFlights.SearchFlights(D_ValidateSearchFlights.java:33)
... Removed 24 stack frames]]>
    </failure>
  </testcase> <!-- SearchFlights -->
  <testcase name="QuitBrowser" time="0.0" classname="com.makemytrip.scenarios.D_ValidateSearchFlights">
    <skipped/>
  </testcase> <!-- QuitBrowser -->
</testsuite> <!-- Test(failed)(failed)(failed) -->
